<?xml version="1.0" encoding="UTF-8"?>
<!-- Generated by org.testng.reporters.JUnitXMLReporter -->
<testsuite ignored="0" hostname="Nisan" failures="0" tests="1" name="SafariBrowser" time="0.144" errors="0" timestamp="26 Dec 2022 23:44:51 GMT">
  <testcase classname="testNG.framework.CrossBrowserTesting" name="@BeforeMethod setup" time="0.124">
    <failure type="org.openqa.selenium.WebDriverException" message="SafariDriver requires Safari 10 running on OSX El Capitan or greater.
Build info: version: &amp;apos;3.141.59&amp;apos;, revision: &amp;apos;e82be7d358&amp;apos;, time: &amp;apos;2018-11-14T08:17:03&amp;apos;
System info: host: &amp;apos;NISAN&amp;apos;, ip: &amp;apos;192.168.1.214&amp;apos;, os.name: &amp;apos;Windows 11&amp;apos;, os.arch: &amp;apos;amd64&amp;apos;, os.version: &amp;apos;10.0&amp;apos;, java.version: &amp;apos;17.0.4.1&amp;apos;
Driver info: driver.version: SafariDriver">
      <![CDATA[org.openqa.selenium.WebDriverException: SafariDriver requires Safari 10 running on OSX El Capitan or greater.
Build info: version: '3.141.59', revision: 'e82be7d358', time: '2018-11-14T08:17:03'
System info: host: 'NISAN', ip: '192.168.1.214', os.name: 'Windows 11', os.arch: 'amd64', os.version: '10.0', java.version: '17.0.4.1'
Driver info: driver.version: SafariDriver
at org.openqa.selenium.safari.SafariDriverService.createDefaultService(SafariDriverService.java:59)
at org.openqa.selenium.safari.SafariDriver.<init>(SafariDriver.java:63)
at org.openqa.selenium.safari.SafariDriver.<init>(SafariDriver.java:41)
at testNG.framework.CrossBrowserTesting.setup(CrossBrowserTesting.java:25)
... Removed 28 stack frames]]>
    </failure>
  </testcase> <!-- @BeforeMethod setup -->
  <testcase classname="testNG.framework.CrossBrowserTesting" name="@AfterMethod getTearDown" time="0.0">
    <skipped/>
  </testcase> <!-- @AfterMethod getTearDown -->
  <testcase classname="testNG.framework.CrossBrowserTesting" name="getTest" time="0.0">
    <skipped/>
  </testcase> <!-- getTest -->
</testsuite> <!-- SafariBrowser -->
